<?xml version="1.0" encoding="UTF-8"?>
<testsuite xmlns:xsi="http://www.w3.org/2001/XMLSchema-instance" xsi:noNamespaceSchemaLocation="https://maven.apache.org/surefire/maven-surefire-plugin/xsd/surefire-test-report-3.0.xsd" version="3.0" name="DesignateAngularSpeedTest" time="0.009" tests="5" errors="0" skipped="0" failures="0">
  <properties>
    <property name="java.specification.version" value="17"/>
    <property name="sun.jnu.encoding" value="UTF-8"/>
    <property name="java.class.path" value="/home/kacperbielak/Programy/test/SystemObslugLodziZdalnieSterowanej/App/target/test-classes:/home/kacperbielak/Programy/test/SystemObslugLodziZdalnieSterowanej/App/target/classes:/home/kacperbielak/.m2/repository/org/junit/jupiter/junit-jupiter/5.10.0/junit-jupiter-5.10.0.jar:/home/kacperbielak/.m2/repository/org/junit/jupiter/junit-jupiter-api/5.10.0/junit-jupiter-api-5.10.0.jar:/home/kacperbielak/.m2/repository/org/opentest4j/opentest4j/1.3.0/opentest4j-1.3.0.jar:/home/kacperbielak/.m2/repository/org/junit/platform/junit-platform-commons/1.10.0/junit-platform-commons-1.10.0.jar:/home/kacperbielak/.m2/repository/org/apiguardian/apiguardian-api/1.1.2/apiguardian-api-1.1.2.jar:/home/kacperbielak/.m2/repository/org/junit/jupiter/junit-jupiter-params/5.10.0/junit-jupiter-params-5.10.0.jar:/home/kacperbielak/.m2/repository/org/junit/jupiter/junit-jupiter-engine/5.10.0/junit-jupiter-engine-5.10.0.jar:/home/kacperbielak/.m2/repository/org/junit/platform/junit-platform-engine/1.10.0/junit-platform-engine-1.10.0.jar:/home/kacperbielak/.m2/repository/org/mockito/mockito-core/5.12.0/mockito-core-5.12.0.jar:/home/kacperbielak/.m2/repository/net/bytebuddy/byte-buddy/1.14.15/byte-buddy-1.14.15.jar:/home/kacperbielak/.m2/repository/net/bytebuddy/byte-buddy-agent/1.14.15/byte-buddy-agent-1.14.15.jar:/home/kacperbielak/.m2/repository/org/objenesis/objenesis/3.3/objenesis-3.3.jar:/home/kacperbielak/.m2/repository/org/mockito/mockito-junit-jupiter/5.12.0/mockito-junit-jupiter-5.12.0.jar:/home/kacperbielak/.m2/repository/org/projectlombok/lombok/1.18.26/lombok-1.18.26.jar:/home/kacperbielak/.m2/repository/org/openjfx/javafx-controls/17.0.1/javafx-controls-17.0.1.jar:/home/kacperbielak/.m2/repository/org/openjfx/javafx-controls/17.0.1/javafx-controls-17.0.1-linux.jar:/home/kacperbielak/.m2/repository/org/openjfx/javafx-graphics/17.0.1/javafx-graphics-17.0.1.jar:/home/kacperbielak/.m2/repository/org/openjfx/javafx-graphics/17.0.1/javafx-graphics-17.0.1-linux.jar:/home/kacperbielak/.m2/repository/org/openjfx/javafx-fxml/17.0.1/javafx-fxml-17.0.1.jar:/home/kacperbielak/.m2/repository/org/openjfx/javafx-fxml/17.0.1/javafx-fxml-17.0.1-linux.jar:/home/kacperbielak/.m2/repository/org/openjfx/javafx-web/17.0.0.1/javafx-web-17.0.0.1.jar:/home/kacperbielak/.m2/repository/org/openjfx/javafx-web/17.0.0.1/javafx-web-17.0.0.1-linux.jar:/home/kacperbielak/.m2/repository/org/openjfx/javafx-media/17.0.0.1/javafx-media-17.0.0.1.jar:/home/kacperbielak/.m2/repository/org/openjfx/javafx-media/17.0.0.1/javafx-media-17.0.0.1-linux.jar:/home/kacperbielak/.m2/repository/com/fazecast/jSerialComm/1.3.11/jSerialComm-1.3.11.jar:/home/kacperbielak/.m2/repository/org/scream3r/jssc/2.8.0/jssc-2.8.0.jar:/home/kacperbielak/.m2/repository/com/dlsc/GMapsFX/11.0.2/GMapsFX-11.0.2.jar:/home/kacperbielak/.m2/repository/org/openjfx/javafx-base/16/javafx-base-16.jar:/home/kacperbielak/.m2/repository/org/openjfx/javafx-base/16/javafx-base-16-linux.jar:/home/kacperbielak/.m2/repository/org/openjfx/javafx-swing/16/javafx-swing-16.jar:/home/kacperbielak/.m2/repository/org/openjfx/javafx-swing/16/javafx-swing-16-linux.jar:/home/kacperbielak/.m2/repository/jakarta/xml/bind/jakarta.xml.bind-api/2.3.3/jakarta.xml.bind-api-2.3.3.jar:/home/kacperbielak/.m2/repository/jakarta/activation/jakarta.activation-api/1.2.2/jakarta.activation-api-1.2.2.jar:/home/kacperbielak/.m2/repository/com/sun/xml/bind/jaxb-impl/2.3.3/jaxb-impl-2.3.3.jar:/home/kacperbielak/.m2/repository/com/sun/activation/jakarta.activation/1.2.2/jakarta.activation-1.2.2.jar:/home/kacperbielak/.m2/repository/org/slf4j/slf4j-api/1.7.29/slf4j-api-1.7.29.jar:/home/kacperbielak/.m2/repository/ch/qos/logback/logback-classic/1.2.3/logback-classic-1.2.3.jar:/home/kacperbielak/.m2/repository/ch/qos/logback/logback-core/1.2.3/logback-core-1.2.3.jar:/home/kacperbielak/.m2/repository/com/sothawo/mapjfx/3.1.0/mapjfx-3.1.0.jar:/home/kacperbielak/.m2/repository/org/apache/maven/plugins/maven-assembly-plugin/3.3.0/maven-assembly-plugin-3.3.0.jar:/home/kacperbielak/.m2/repository/org/apache/maven/maven-plugin-api/3.0/maven-plugin-api-3.0.jar:/home/kacperbielak/.m2/repository/org/sonatype/sisu/sisu-inject-plexus/1.4.2/sisu-inject-plexus-1.4.2.jar:/home/kacperbielak/.m2/repository/org/sonatype/sisu/sisu-inject-bean/1.4.2/sisu-inject-bean-1.4.2.jar:/home/kacperbielak/.m2/repository/org/sonatype/sisu/sisu-guice/2.1.7/sisu-guice-2.1.7-noaop.jar:/home/kacperbielak/.m2/repository/org/apache/maven/maven-core/3.0/maven-core-3.0.jar:/home/kacperbielak/.m2/repository/org/apache/maven/maven-settings/3.0/maven-settings-3.0.jar:/home/kacperbielak/.m2/repository/org/apache/maven/maven-settings-builder/3.0/maven-settings-builder-3.0.jar:/home/kacperbielak/.m2/repository/org/apache/maven/maven-repository-metadata/3.0/maven-repository-metadata-3.0.jar:/home/kacperbielak/.m2/repository/org/apache/maven/maven-model-builder/3.0/maven-model-builder-3.0.jar:/home/kacperbielak/.m2/repository/org/apache/maven/maven-aether-provider/3.0/maven-aether-provider-3.0.jar:/home/kacperbielak/.m2/repository/org/sonatype/aether/aether-impl/1.7/aether-impl-1.7.jar:/home/kacperbielak/.m2/repository/org/sonatype/aether/aether-spi/1.7/aether-spi-1.7.jar:/home/kacperbielak/.m2/repository/org/sonatype/aether/aether-api/1.7/aether-api-1.7.jar:/home/kacperbielak/.m2/repository/org/sonatype/aether/aether-util/1.7/aether-util-1.7.jar:/home/kacperbielak/.m2/repository/org/codehaus/plexus/plexus-classworlds/2.2.3/plexus-classworlds-2.2.3.jar:/home/kacperbielak/.m2/repository/org/codehaus/plexus/plexus-component-annotations/1.5.5/plexus-component-annotations-1.5.5.jar:/home/kacperbielak/.m2/repository/org/sonatype/plexus/plexus-sec-dispatcher/1.3/plexus-sec-dispatcher-1.3.jar:/home/kacperbielak/.m2/repository/org/sonatype/plexus/plexus-cipher/1.4/plexus-cipher-1.4.jar:/home/kacperbielak/.m2/repository/org/apache/maven/maven-artifact/3.0/maven-artifact-3.0.jar:/home/kacperbielak/.m2/repository/org/apache/maven/maven-model/3.0/maven-model-3.0.jar:/home/kacperbielak/.m2/repository/org/apache/maven/shared/maven-common-artifact-filters/3.1.0/maven-common-artifact-filters-3.1.0.jar:/home/kacperbielak/.m2/repository/org/apache/maven/shared/maven-shared-utils/3.1.0/maven-shared-utils-3.1.0.jar:/home/kacperbielak/.m2/repository/org/apache/maven/shared/maven-artifact-transfer/0.11.0/maven-artifact-transfer-0.11.0.jar:/home/kacperbielak/.m2/repository/org/codehaus/plexus/plexus-interpolation/1.25/plexus-interpolation-1.25.jar:/home/kacperbielak/.m2/repository/org/codehaus/plexus/plexus-archiver/4.2.1/plexus-archiver-4.2.1.jar:/home/kacperbielak/.m2/repository/org/apache/commons/commons-compress/1.19/commons-compress-1.19.jar:/home/kacperbielak/.m2/repository/org/iq80/snappy/snappy/0.4/snappy-0.4.jar:/home/kacperbielak/.m2/repository/org/tukaani/xz/1.8/xz-1.8.jar:/home/kacperbielak/.m2/repository/org/apache/maven/shared/file-management/3.0.0/file-management-3.0.0.jar:/home/kacperbielak/.m2/repository/org/apache/maven/shared/maven-shared-io/3.0.0/maven-shared-io-3.0.0.jar:/home/kacperbielak/.m2/repository/org/apache/maven/maven-compat/3.0/maven-compat-3.0.jar:/home/kacperbielak/.m2/repository/org/apache/maven/wagon/wagon-provider-api/2.10/wagon-provider-api-2.10.jar:/home/kacperbielak/.m2/repository/commons-io/commons-io/2.5/commons-io-2.5.jar:/home/kacperbielak/.m2/repository/org/apache/maven/shared/maven-filtering/3.1.1/maven-filtering-3.1.1.jar:/home/kacperbielak/.m2/repository/org/sonatype/plexus/plexus-build-api/0.0.7/plexus-build-api-0.0.7.jar:/home/kacperbielak/.m2/repository/org/codehaus/plexus/plexus-io/3.2.0/plexus-io-3.2.0.jar:/home/kacperbielak/.m2/repository/org/apache/maven/maven-archiver/3.5.0/maven-archiver-3.5.0.jar:/home/kacperbielak/.m2/repository/org/codehaus/plexus/plexus-utils/3.3.0/plexus-utils-3.3.0.jar:/home/kacperbielak/.m2/repository/commons-codec/commons-codec/1.6/commons-codec-1.6.jar:/home/kacperbielak/.m2/repository/org/apache/commons/commons-math3/3.6.1/commons-math3-3.6.1.jar:"/>
    <property name="java.vm.vendor" value="Ubuntu"/>
    <property name="sun.arch.data.model" value="64"/>
    <property name="java.vendor.url" value="https://ubuntu.com/"/>
    <property name="user.timezone" value="Europe/Warsaw"/>
    <property name="os.name" value="Linux"/>
    <property name="java.vm.specification.version" value="17"/>
    <property name="sun.java.launcher" value="SUN_STANDARD"/>
    <property name="user.country" value="US"/>
    <property name="sun.boot.library.path" value="/usr/lib/jvm/java-17-openjdk-amd64/lib"/>
    <property name="sun.java.command" value="/home/kacperbielak/Programy/test/SystemObslugLodziZdalnieSterowanej/App/target/surefire/surefirebooter-20250519194715104_3.jar /home/kacperbielak/Programy/test/SystemObslugLodziZdalnieSterowanej/App/target/surefire 2025-05-19T19-47-15_026-jvmRun1 surefire-20250519194715104_1tmp surefire_0-20250519194715104_2tmp"/>
    <property name="jdk.debug" value="release"/>
    <property name="surefire.test.class.path" value="/home/kacperbielak/Programy/test/SystemObslugLodziZdalnieSterowanej/App/target/test-classes:/home/kacperbielak/Programy/test/SystemObslugLodziZdalnieSterowanej/App/target/classes:/home/kacperbielak/.m2/repository/org/junit/jupiter/junit-jupiter/5.10.0/junit-jupiter-5.10.0.jar:/home/kacperbielak/.m2/repository/org/junit/jupiter/junit-jupiter-api/5.10.0/junit-jupiter-api-5.10.0.jar:/home/kacperbielak/.m2/repository/org/opentest4j/opentest4j/1.3.0/opentest4j-1.3.0.jar:/home/kacperbielak/.m2/repository/org/junit/platform/junit-platform-commons/1.10.0/junit-platform-commons-1.10.0.jar:/home/kacperbielak/.m2/repository/org/apiguardian/apiguardian-api/1.1.2/apiguardian-api-1.1.2.jar:/home/kacperbielak/.m2/repository/org/junit/jupiter/junit-jupiter-params/5.10.0/junit-jupiter-params-5.10.0.jar:/home/kacperbielak/.m2/repository/org/junit/jupiter/junit-jupiter-engine/5.10.0/junit-jupiter-engine-5.10.0.jar:/home/kacperbielak/.m2/repository/org/junit/platform/junit-platform-engine/1.10.0/junit-platform-engine-1.10.0.jar:/home/kacperbielak/.m2/repository/org/mockito/mockito-core/5.12.0/mockito-core-5.12.0.jar:/home/kacperbielak/.m2/repository/net/bytebuddy/byte-buddy/1.14.15/byte-buddy-1.14.15.jar:/home/kacperbielak/.m2/repository/net/bytebuddy/byte-buddy-agent/1.14.15/byte-buddy-agent-1.14.15.jar:/home/kacperbielak/.m2/repository/org/objenesis/objenesis/3.3/objenesis-3.3.jar:/home/kacperbielak/.m2/repository/org/mockito/mockito-junit-jupiter/5.12.0/mockito-junit-jupiter-5.12.0.jar:/home/kacperbielak/.m2/repository/org/projectlombok/lombok/1.18.26/lombok-1.18.26.jar:/home/kacperbielak/.m2/repository/org/openjfx/javafx-controls/17.0.1/javafx-controls-17.0.1.jar:/home/kacperbielak/.m2/repository/org/openjfx/javafx-controls/17.0.1/javafx-controls-17.0.1-linux.jar:/home/kacperbielak/.m2/repository/org/openjfx/javafx-graphics/17.0.1/javafx-graphics-17.0.1.jar:/home/kacperbielak/.m2/repository/org/openjfx/javafx-graphics/17.0.1/javafx-graphics-17.0.1-linux.jar:/home/kacperbielak/.m2/repository/org/openjfx/javafx-fxml/17.0.1/javafx-fxml-17.0.1.jar:/home/kacperbielak/.m2/repository/org/openjfx/javafx-fxml/17.0.1/javafx-fxml-17.0.1-linux.jar:/home/kacperbielak/.m2/repository/org/openjfx/javafx-web/17.0.0.1/javafx-web-17.0.0.1.jar:/home/kacperbielak/.m2/repository/org/openjfx/javafx-web/17.0.0.1/javafx-web-17.0.0.1-linux.jar:/home/kacperbielak/.m2/repository/org/openjfx/javafx-media/17.0.0.1/javafx-media-17.0.0.1.jar:/home/kacperbielak/.m2/repository/org/openjfx/javafx-media/17.0.0.1/javafx-media-17.0.0.1-linux.jar:/home/kacperbielak/.m2/repository/com/fazecast/jSerialComm/1.3.11/jSerialComm-1.3.11.jar:/home/kacperbielak/.m2/repository/org/scream3r/jssc/2.8.0/jssc-2.8.0.jar:/home/kacperbielak/.m2/repository/com/dlsc/GMapsFX/11.0.2/GMapsFX-11.0.2.jar:/home/kacperbielak/.m2/repository/org/openjfx/javafx-base/16/javafx-base-16.jar:/home/kacperbielak/.m2/repository/org/openjfx/javafx-base/16/javafx-base-16-linux.jar:/home/kacperbielak/.m2/repository/org/openjfx/javafx-swing/16/javafx-swing-16.jar:/home/kacperbielak/.m2/repository/org/openjfx/javafx-swing/16/javafx-swing-16-linux.jar:/home/kacperbielak/.m2/repository/jakarta/xml/bind/jakarta.xml.bind-api/2.3.3/jakarta.xml.bind-api-2.3.3.jar:/home/kacperbielak/.m2/repository/jakarta/activation/jakarta.activation-api/1.2.2/jakarta.activation-api-1.2.2.jar:/home/kacperbielak/.m2/repository/com/sun/xml/bind/jaxb-impl/2.3.3/jaxb-impl-2.3.3.jar:/home/kacperbielak/.m2/repository/com/sun/activation/jakarta.activation/1.2.2/jakarta.activation-1.2.2.jar:/home/kacperbielak/.m2/repository/org/slf4j/slf4j-api/1.7.29/slf4j-api-1.7.29.jar:/home/kacperbielak/.m2/repository/ch/qos/logback/logback-classic/1.2.3/logback-classic-1.2.3.jar:/home/kacperbielak/.m2/repository/ch/qos/logback/logback-core/1.2.3/logback-core-1.2.3.jar:/home/kacperbielak/.m2/repository/com/sothawo/mapjfx/3.1.0/mapjfx-3.1.0.jar:/home/kacperbielak/.m2/repository/org/apache/maven/plugins/maven-assembly-plugin/3.3.0/maven-assembly-plugin-3.3.0.jar:/home/kacperbielak/.m2/repository/org/apache/maven/maven-plugin-api/3.0/maven-plugin-api-3.0.jar:/home/kacperbielak/.m2/repository/org/sonatype/sisu/sisu-inject-plexus/1.4.2/sisu-inject-plexus-1.4.2.jar:/home/kacperbielak/.m2/repository/org/sonatype/sisu/sisu-inject-bean/1.4.2/sisu-inject-bean-1.4.2.jar:/home/kacperbielak/.m2/repository/org/sonatype/sisu/sisu-guice/2.1.7/sisu-guice-2.1.7-noaop.jar:/home/kacperbielak/.m2/repository/org/apache/maven/maven-core/3.0/maven-core-3.0.jar:/home/kacperbielak/.m2/repository/org/apache/maven/maven-settings/3.0/maven-settings-3.0.jar:/home/kacperbielak/.m2/repository/org/apache/maven/maven-settings-builder/3.0/maven-settings-builder-3.0.jar:/home/kacperbielak/.m2/repository/org/apache/maven/maven-repository-metadata/3.0/maven-repository-metadata-3.0.jar:/home/kacperbielak/.m2/repository/org/apache/maven/maven-model-builder/3.0/maven-model-builder-3.0.jar:/home/kacperbielak/.m2/repository/org/apache/maven/maven-aether-provider/3.0/maven-aether-provider-3.0.jar:/home/kacperbielak/.m2/repository/org/sonatype/aether/aether-impl/1.7/aether-impl-1.7.jar:/home/kacperbielak/.m2/repository/org/sonatype/aether/aether-spi/1.7/aether-spi-1.7.jar:/home/kacperbielak/.m2/repository/org/sonatype/aether/aether-api/1.7/aether-api-1.7.jar:/home/kacperbielak/.m2/repository/org/sonatype/aether/aether-util/1.7/aether-util-1.7.jar:/home/kacperbielak/.m2/repository/org/codehaus/plexus/plexus-classworlds/2.2.3/plexus-classworlds-2.2.3.jar:/home/kacperbielak/.m2/repository/org/codehaus/plexus/plexus-component-annotations/1.5.5/plexus-component-annotations-1.5.5.jar:/home/kacperbielak/.m2/repository/org/sonatype/plexus/plexus-sec-dispatcher/1.3/plexus-sec-dispatcher-1.3.jar:/home/kacperbielak/.m2/repository/org/sonatype/plexus/plexus-cipher/1.4/plexus-cipher-1.4.jar:/home/kacperbielak/.m2/repository/org/apache/maven/maven-artifact/3.0/maven-artifact-3.0.jar:/home/kacperbielak/.m2/repository/org/apache/maven/maven-model/3.0/maven-model-3.0.jar:/home/kacperbielak/.m2/repository/org/apache/maven/shared/maven-common-artifact-filters/3.1.0/maven-common-artifact-filters-3.1.0.jar:/home/kacperbielak/.m2/repository/org/apache/maven/shared/maven-shared-utils/3.1.0/maven-shared-utils-3.1.0.jar:/home/kacperbielak/.m2/repository/org/apache/maven/shared/maven-artifact-transfer/0.11.0/maven-artifact-transfer-0.11.0.jar:/home/kacperbielak/.m2/repository/org/codehaus/plexus/plexus-interpolation/1.25/plexus-interpolation-1.25.jar:/home/kacperbielak/.m2/repository/org/codehaus/plexus/plexus-archiver/4.2.1/plexus-archiver-4.2.1.jar:/home/kacperbielak/.m2/repository/org/apache/commons/commons-compress/1.19/commons-compress-1.19.jar:/home/kacperbielak/.m2/repository/org/iq80/snappy/snappy/0.4/snappy-0.4.jar:/home/kacperbielak/.m2/repository/org/tukaani/xz/1.8/xz-1.8.jar:/home/kacperbielak/.m2/repository/org/apache/maven/shared/file-management/3.0.0/file-management-3.0.0.jar:/home/kacperbielak/.m2/repository/org/apache/maven/shared/maven-shared-io/3.0.0/maven-shared-io-3.0.0.jar:/home/kacperbielak/.m2/repository/org/apache/maven/maven-compat/3.0/maven-compat-3.0.jar:/home/kacperbielak/.m2/repository/org/apache/maven/wagon/wagon-provider-api/2.10/wagon-provider-api-2.10.jar:/home/kacperbielak/.m2/repository/commons-io/commons-io/2.5/commons-io-2.5.jar:/home/kacperbielak/.m2/repository/org/apache/maven/shared/maven-filtering/3.1.1/maven-filtering-3.1.1.jar:/home/kacperbielak/.m2/repository/org/sonatype/plexus/plexus-build-api/0.0.7/plexus-build-api-0.0.7.jar:/home/kacperbielak/.m2/repository/org/codehaus/plexus/plexus-io/3.2.0/plexus-io-3.2.0.jar:/home/kacperbielak/.m2/repository/org/apache/maven/maven-archiver/3.5.0/maven-archiver-3.5.0.jar:/home/kacperbielak/.m2/repository/org/codehaus/plexus/plexus-utils/3.3.0/plexus-utils-3.3.0.jar:/home/kacperbielak/.m2/repository/commons-codec/commons-codec/1.6/commons-codec-1.6.jar:/home/kacperbielak/.m2/repository/org/apache/commons/commons-math3/3.6.1/commons-math3-3.6.1.jar:"/>
    <property name="sun.cpu.endian" value="little"/>
    <property name="user.home" value="/home/kacperbielak"/>
    <property name="user.language" value="en"/>
    <property name="java.specification.vendor" value="Oracle Corporation"/>
    <property name="java.version.date" value="2025-04-15"/>
    <property name="java.home" value="/usr/lib/jvm/java-17-openjdk-amd64"/>
    <property name="file.separator" value="/"/>
    <property name="basedir" value="/home/kacperbielak/Programy/test/SystemObslugLodziZdalnieSterowanej/App"/>
    <property name="java.vm.compressedOopsMode" value="Zero based"/>
    <property name="line.separator" value="&#10;"/>
    <property name="java.vm.specification.vendor" value="Oracle Corporation"/>
    <property name="java.specification.name" value="Java Platform API Specification"/>
    <property name="surefire.real.class.path" value="/home/kacperbielak/Programy/test/SystemObslugLodziZdalnieSterowanej/App/target/surefire/surefirebooter-20250519194715104_3.jar"/>
    <property name="sun.management.compiler" value="HotSpot 64-Bit Tiered Compilers"/>
    <property name="java.runtime.version" value="17.0.15+6-Ubuntu-0ubuntu122.04"/>
    <property name="user.name" value="kacperbielak"/>
    <property name="path.separator" value=":"/>
    <property name="os.version" value="6.8.0-59-generic"/>
    <property name="java.runtime.name" value="OpenJDK Runtime Environment"/>
    <property name="file.encoding" value="UTF-8"/>
    <property name="java.vm.name" value="OpenJDK 64-Bit Server VM"/>
    <property name="localRepository" value="/home/kacperbielak/.m2/repository"/>
    <property name="java.vendor.url.bug" value="https://bugs.launchpad.net/ubuntu/+source/openjdk-17"/>
    <property name="java.io.tmpdir" value="/tmp"/>
    <property name="idea.version" value="2023.3.5"/>
    <property name="java.version" value="17.0.15"/>
    <property name="user.dir" value="/home/kacperbielak/Programy/test/SystemObslugLodziZdalnieSterowanej/App"/>
    <property name="os.arch" value="amd64"/>
    <property name="java.vm.specification.name" value="Java Virtual Machine Specification"/>
    <property name="native.encoding" value="UTF-8"/>
    <property name="java.library.path" value="/usr/java/packages/lib:/usr/lib/x86_64-linux-gnu/jni:/lib/x86_64-linux-gnu:/usr/lib/x86_64-linux-gnu:/usr/lib/jni:/lib:/usr/lib"/>
    <property name="java.vm.info" value="mixed mode, sharing"/>
    <property name="java.vendor" value="Ubuntu"/>
    <property name="java.vm.version" value="17.0.15+6-Ubuntu-0ubuntu122.04"/>
    <property name="java.specification.maintenance.version" value="1"/>
    <property name="sun.io.unicode.encoding" value="UnicodeLittle"/>
    <property name="java.class.version" value="61.0"/>
  </properties>
  <testcase name="returnAngularSpeedGreaterThanZeroAndCurrentIsLessThanExpected" classname="DesignateAngularSpeedTest" time="0.001"/>
  <testcase name="returnAngularSpeedEqualsZero" classname="DesignateAngularSpeedTest" time="0.001"/>
  <testcase name="returnAngularSpeedGreaterThanZeroAndCurrentIsGreaterThanExpected" classname="DesignateAngularSpeedTest" time="0.001"/>
  <testcase name="returnAngularSpeedLessThanZeroAndCurrentIsGreaterThanExpected" classname="DesignateAngularSpeedTest" time="0.001"/>
  <testcase name="returnAngularSpeedLessThanZeroAndCurrentIsLessThanExpected" classname="DesignateAngularSpeedTest" time="0.001"/>
</testsuite>